<?xml version="1.0" encoding="UTF-8"?>
<!-- Generated by org.testng.reporters.JUnitReportReporter -->
<testsuite hostname="DESKTOP-JCSH58D" failures="0" tests="1" name="testcases.ExecuteTest" time="16.185" errors="0" timestamp="2024-07-20T16:02:01 IST" skipped="0">
  <testcase classname="testcases.ExecuteTest" name="testLogin" time="16.185"/>
</testsuite> <!-- testcases.ExecuteTest -->
